INFO 2022-11-11 16:04:48,599 autoreload Watching for file changes with StatReloader
INFO 2022-11-11 16:05:25,221 autoreload Watching for file changes with StatReloader
INFO 2022-11-11 16:11:47,442 autoreload C:\Users\ATHIRA M J\PC\Desktop\python\school_mgt\school_123\student_api\urls.py changed, reloading.
INFO 2022-11-11 16:11:49,286 autoreload Watching for file changes with StatReloader
INFO 2022-11-11 16:12:01,188 autoreload C:\Users\ATHIRA M J\PC\Desktop\python\school_mgt\school_123\student_api\urls.py changed, reloading.
INFO 2022-11-11 16:12:02,869 autoreload Watching for file changes with StatReloader
INFO 2022-11-11 16:12:08,684 autoreload C:\Users\ATHIRA M J\PC\Desktop\python\school_mgt\school_123\student_api\urls.py changed, reloading.
INFO 2022-11-11 16:12:10,357 autoreload Watching for file changes with StatReloader
INFO 2022-11-11 16:12:22,936 autoreload Watching for file changes with StatReloader
INFO 2022-11-11 16:16:42,282 autoreload Watching for file changes with StatReloader
INFO 2022-11-11 16:17:17,508 autoreload C:\Users\ATHIRA M J\PC\Desktop\python\school_mgt\school_123\student_api\urls.py changed, reloading.
INFO 2022-11-11 16:17:19,481 autoreload Watching for file changes with StatReloader
INFO 2022-11-11 16:17:24,443 autoreload Watching for file changes with StatReloader
WARNING 2022-11-11 16:20:18,160 log Not Found: /
WARNING 2022-11-11 16:20:18,168 basehttp "GET / HTTP/1.1" 404 2726
WARNING 2022-11-11 16:20:18,168 log Not Found: /
INFO 2022-11-11 16:20:18,168 basehttp - Broken pipe from ('127.0.0.1', 52953)
INFO 2022-11-11 16:20:27,435 views this is info message
ERROR 2022-11-11 16:20:27,635 log Internal Server Error: /student_api/signup
Traceback (most recent call last):
  File "C:\Users\ATHIRA M J\PC\Desktop\python\new_school_env\lib\site-packages\django\core\handlers\exception.py", line 55, in inner
    response = get_response(request)
  File "C:\Users\ATHIRA M J\PC\Desktop\python\new_school_env\lib\site-packages\django\core\handlers\base.py", line 197, in _get_response
    response = wrapped_callback(request, *callback_args, **callback_kwargs)
  File "C:\Users\ATHIRA M J\PC\Desktop\python\school_mgt\school_123\student_api\views.py", line 59, in signup
    return HttpResponse("info")
NameError: name 'HttpResponse' is not defined
ERROR 2022-11-11 16:20:27,643 basehttp "GET /student_api/signup HTTP/1.1" 500 65033
INFO 2022-11-11 16:20:46,156 views this is info message
ERROR 2022-11-11 16:20:46,250 log Internal Server Error: /student_api/signup
Traceback (most recent call last):
  File "C:\Users\ATHIRA M J\PC\Desktop\python\new_school_env\lib\site-packages\django\core\handlers\exception.py", line 55, in inner
    response = get_response(request)
  File "C:\Users\ATHIRA M J\PC\Desktop\python\new_school_env\lib\site-packages\django\core\handlers\base.py", line 197, in _get_response
    response = wrapped_callback(request, *callback_args, **callback_kwargs)
  File "C:\Users\ATHIRA M J\PC\Desktop\python\school_mgt\school_123\student_api\views.py", line 59, in signup
    return HttpResponse("info")
NameError: name 'HttpResponse' is not defined
ERROR 2022-11-11 16:20:46,250 basehttp "GET /student_api/signup HTTP/1.1" 500 65170
INFO 2022-11-11 16:20:46,988 views this is info message
ERROR 2022-11-11 16:20:47,091 log Internal Server Error: /student_api/signup
Traceback (most recent call last):
  File "C:\Users\ATHIRA M J\PC\Desktop\python\new_school_env\lib\site-packages\django\core\handlers\exception.py", line 55, in inner
    response = get_response(request)
  File "C:\Users\ATHIRA M J\PC\Desktop\python\new_school_env\lib\site-packages\django\core\handlers\base.py", line 197, in _get_response
    response = wrapped_callback(request, *callback_args, **callback_kwargs)
  File "C:\Users\ATHIRA M J\PC\Desktop\python\school_mgt\school_123\student_api\views.py", line 59, in signup
    return HttpResponse("info")
NameError: name 'HttpResponse' is not defined
ERROR 2022-11-11 16:20:47,091 basehttp "GET /student_api/signup HTTP/1.1" 500 65170
INFO 2022-11-11 16:20:47,796 views this is info message
ERROR 2022-11-11 16:20:47,890 log Internal Server Error: /student_api/signup
Traceback (most recent call last):
  File "C:\Users\ATHIRA M J\PC\Desktop\python\new_school_env\lib\site-packages\django\core\handlers\exception.py", line 55, in inner
    response = get_response(request)
  File "C:\Users\ATHIRA M J\PC\Desktop\python\new_school_env\lib\site-packages\django\core\handlers\base.py", line 197, in _get_response
    response = wrapped_callback(request, *callback_args, **callback_kwargs)
  File "C:\Users\ATHIRA M J\PC\Desktop\python\school_mgt\school_123\student_api\views.py", line 59, in signup
    return HttpResponse("info")
NameError: name 'HttpResponse' is not defined
ERROR 2022-11-11 16:20:47,890 basehttp "GET /student_api/signup HTTP/1.1" 500 65170
INFO 2022-11-11 16:21:03,643 views this is info message
ERROR 2022-11-11 16:21:03,737 log Internal Server Error: /student_api/signup
Traceback (most recent call last):
  File "C:\Users\ATHIRA M J\PC\Desktop\python\new_school_env\lib\site-packages\django\core\handlers\exception.py", line 55, in inner
    response = get_response(request)
  File "C:\Users\ATHIRA M J\PC\Desktop\python\new_school_env\lib\site-packages\django\core\handlers\base.py", line 197, in _get_response
    response = wrapped_callback(request, *callback_args, **callback_kwargs)
  File "C:\Users\ATHIRA M J\PC\Desktop\python\school_mgt\school_123\student_api\views.py", line 59, in signup
    return HttpResponse("info")
NameError: name 'HttpResponse' is not defined
ERROR 2022-11-11 16:21:03,737 basehttp "GET /student_api/signup HTTP/1.1" 500 65170
INFO 2022-11-11 16:21:04,831 views this is info message
ERROR 2022-11-11 16:21:04,925 log Internal Server Error: /student_api/signup
Traceback (most recent call last):
  File "C:\Users\ATHIRA M J\PC\Desktop\python\new_school_env\lib\site-packages\django\core\handlers\exception.py", line 55, in inner
    response = get_response(request)
  File "C:\Users\ATHIRA M J\PC\Desktop\python\new_school_env\lib\site-packages\django\core\handlers\base.py", line 197, in _get_response
    response = wrapped_callback(request, *callback_args, **callback_kwargs)
  File "C:\Users\ATHIRA M J\PC\Desktop\python\school_mgt\school_123\student_api\views.py", line 59, in signup
    return HttpResponse("info")
NameError: name 'HttpResponse' is not defined
ERROR 2022-11-11 16:21:04,925 basehttp "GET /student_api/signup HTTP/1.1" 500 65170
INFO 2022-11-11 16:21:07,218 views this is info message
ERROR 2022-11-11 16:21:07,298 log Internal Server Error: /student_api/signup
Traceback (most recent call last):
  File "C:\Users\ATHIRA M J\PC\Desktop\python\new_school_env\lib\site-packages\django\core\handlers\exception.py", line 55, in inner
    response = get_response(request)
  File "C:\Users\ATHIRA M J\PC\Desktop\python\new_school_env\lib\site-packages\django\core\handlers\base.py", line 197, in _get_response
    response = wrapped_callback(request, *callback_args, **callback_kwargs)
  File "C:\Users\ATHIRA M J\PC\Desktop\python\school_mgt\school_123\student_api\views.py", line 59, in signup
    return HttpResponse("info")
NameError: name 'HttpResponse' is not defined
ERROR 2022-11-11 16:21:07,298 basehttp "GET /student_api/signup HTTP/1.1" 500 65170
INFO 2022-11-11 16:21:07,434 views this is info message
ERROR 2022-11-11 16:21:07,490 log Internal Server Error: /student_api/signup
Traceback (most recent call last):
  File "C:\Users\ATHIRA M J\PC\Desktop\python\new_school_env\lib\site-packages\django\core\handlers\exception.py", line 55, in inner
    response = get_response(request)
  File "C:\Users\ATHIRA M J\PC\Desktop\python\new_school_env\lib\site-packages\django\core\handlers\base.py", line 197, in _get_response
    response = wrapped_callback(request, *callback_args, **callback_kwargs)
  File "C:\Users\ATHIRA M J\PC\Desktop\python\school_mgt\school_123\student_api\views.py", line 59, in signup
    return HttpResponse("info")
NameError: name 'HttpResponse' is not defined
ERROR 2022-11-11 16:21:07,498 basehttp "GET /student_api/signup HTTP/1.1" 500 65170
INFO 2022-11-11 16:21:55,351 autoreload Watching for file changes with StatReloader
INFO 2022-11-11 16:22:08,566 views this is info message
ERROR 2022-11-11 16:22:08,716 log Internal Server Error: /student_api/signup
Traceback (most recent call last):
  File "C:\Users\ATHIRA M J\PC\Desktop\python\new_school_env\lib\site-packages\django\core\handlers\exception.py", line 55, in inner
    response = get_response(request)
  File "C:\Users\ATHIRA M J\PC\Desktop\python\new_school_env\lib\site-packages\django\core\handlers\base.py", line 197, in _get_response
    response = wrapped_callback(request, *callback_args, **callback_kwargs)
  File "C:\Users\ATHIRA M J\PC\Desktop\python\school_mgt\school_123\student_api\views.py", line 59, in signup
    return HttpResponse("info")
NameError: name 'HttpResponse' is not defined
ERROR 2022-11-11 16:22:08,731 basehttp "GET /student_api/signup HTTP/1.1" 500 65170
INFO 2022-11-11 16:22:09,844 views this is info message
ERROR 2022-11-11 16:22:09,922 log Internal Server Error: /student_api/signup
Traceback (most recent call last):
  File "C:\Users\ATHIRA M J\PC\Desktop\python\new_school_env\lib\site-packages\django\core\handlers\exception.py", line 55, in inner
    response = get_response(request)
  File "C:\Users\ATHIRA M J\PC\Desktop\python\new_school_env\lib\site-packages\django\core\handlers\base.py", line 197, in _get_response
    response = wrapped_callback(request, *callback_args, **callback_kwargs)
  File "C:\Users\ATHIRA M J\PC\Desktop\python\school_mgt\school_123\student_api\views.py", line 59, in signup
    return HttpResponse("info")
NameError: name 'HttpResponse' is not defined
ERROR 2022-11-11 16:22:09,922 basehttp "GET /student_api/signup HTTP/1.1" 500 65170
INFO 2022-11-11 16:22:11,376 views this is info message
ERROR 2022-11-11 16:22:11,470 log Internal Server Error: /student_api/signup
Traceback (most recent call last):
  File "C:\Users\ATHIRA M J\PC\Desktop\python\new_school_env\lib\site-packages\django\core\handlers\exception.py", line 55, in inner
    response = get_response(request)
  File "C:\Users\ATHIRA M J\PC\Desktop\python\new_school_env\lib\site-packages\django\core\handlers\base.py", line 197, in _get_response
    response = wrapped_callback(request, *callback_args, **callback_kwargs)
  File "C:\Users\ATHIRA M J\PC\Desktop\python\school_mgt\school_123\student_api\views.py", line 59, in signup
    return HttpResponse("info")
NameError: name 'HttpResponse' is not defined
ERROR 2022-11-11 16:22:11,470 basehttp "GET /student_api/signup HTTP/1.1" 500 65170
INFO 2022-11-11 16:23:32,452 views this is info message
ERROR 2022-11-11 16:23:32,562 log Internal Server Error: /student_api/signup
Traceback (most recent call last):
  File "C:\Users\ATHIRA M J\PC\Desktop\python\new_school_env\lib\site-packages\django\core\handlers\exception.py", line 55, in inner
    response = get_response(request)
  File "C:\Users\ATHIRA M J\PC\Desktop\python\new_school_env\lib\site-packages\django\core\handlers\base.py", line 197, in _get_response
    response = wrapped_callback(request, *callback_args, **callback_kwargs)
  File "C:\Users\ATHIRA M J\PC\Desktop\python\school_mgt\school_123\student_api\views.py", line 59, in signup
    return HttpResponse("info")
NameError: name 'HttpResponse' is not defined
ERROR 2022-11-11 16:23:32,566 basehttp "GET /student_api/signup HTTP/1.1" 500 65170
INFO 2022-11-11 16:23:32,843 views this is info message
ERROR 2022-11-11 16:23:32,937 log Internal Server Error: /student_api/signup
Traceback (most recent call last):
  File "C:\Users\ATHIRA M J\PC\Desktop\python\new_school_env\lib\site-packages\django\core\handlers\exception.py", line 55, in inner
    response = get_response(request)
  File "C:\Users\ATHIRA M J\PC\Desktop\python\new_school_env\lib\site-packages\django\core\handlers\base.py", line 197, in _get_response
    response = wrapped_callback(request, *callback_args, **callback_kwargs)
  File "C:\Users\ATHIRA M J\PC\Desktop\python\school_mgt\school_123\student_api\views.py", line 59, in signup
    return HttpResponse("info")
NameError: name 'HttpResponse' is not defined
ERROR 2022-11-11 16:23:32,937 basehttp "GET /student_api/signup HTTP/1.1" 500 65170
INFO 2022-11-11 16:24:15,119 autoreload C:\Users\ATHIRA M J\PC\Desktop\python\school_mgt\school_123\student_api\urls.py changed, reloading.
INFO 2022-11-11 16:24:17,230 autoreload Watching for file changes with StatReloader
INFO 2022-11-11 16:24:23,394 views this is info message
ERROR 2022-11-11 16:24:23,570 log Internal Server Error: /student_api/signup
Traceback (most recent call last):
  File "C:\Users\ATHIRA M J\PC\Desktop\python\new_school_env\lib\site-packages\django\core\handlers\exception.py", line 55, in inner
    response = get_response(request)
  File "C:\Users\ATHIRA M J\PC\Desktop\python\new_school_env\lib\site-packages\django\core\handlers\base.py", line 197, in _get_response
    response = wrapped_callback(request, *callback_args, **callback_kwargs)
  File "C:\Users\ATHIRA M J\PC\Desktop\python\school_mgt\school_123\student_api\views.py", line 59, in signup
    return HttpResponse("info")
NameError: name 'HttpResponse' is not defined
ERROR 2022-11-11 16:24:23,578 basehttp "GET /student_api/signup HTTP/1.1" 500 65170
INFO 2022-11-11 16:24:33,658 autoreload Watching for file changes with StatReloader
INFO 2022-11-11 16:24:39,892 views this is info message
ERROR 2022-11-11 16:24:40,033 log Internal Server Error: /student_api/signup
Traceback (most recent call last):
  File "C:\Users\ATHIRA M J\PC\Desktop\python\new_school_env\lib\site-packages\django\core\handlers\exception.py", line 55, in inner
    response = get_response(request)
  File "C:\Users\ATHIRA M J\PC\Desktop\python\new_school_env\lib\site-packages\django\core\handlers\base.py", line 197, in _get_response
    response = wrapped_callback(request, *callback_args, **callback_kwargs)
  File "C:\Users\ATHIRA M J\PC\Desktop\python\school_mgt\school_123\student_api\views.py", line 59, in signup
    return HttpResponse("info")
NameError: name 'HttpResponse' is not defined
ERROR 2022-11-11 16:24:40,048 basehttp "GET /student_api/signup HTTP/1.1" 500 65170
INFO 2022-11-11 16:25:46,434 views this is info message
ERROR 2022-11-11 16:25:46,512 log Internal Server Error: /student_api/signup
Traceback (most recent call last):
  File "C:\Users\ATHIRA M J\PC\Desktop\python\new_school_env\lib\site-packages\django\core\handlers\exception.py", line 55, in inner
    response = get_response(request)
  File "C:\Users\ATHIRA M J\PC\Desktop\python\new_school_env\lib\site-packages\django\core\handlers\base.py", line 197, in _get_response
    response = wrapped_callback(request, *callback_args, **callback_kwargs)
  File "C:\Users\ATHIRA M J\PC\Desktop\python\school_mgt\school_123\student_api\views.py", line 59, in signup
    return HttpResponse("info")
NameError: name 'HttpResponse' is not defined
ERROR 2022-11-11 16:25:46,512 basehttp "GET /student_api/signup HTTP/1.1" 500 65170
INFO 2022-11-11 16:26:02,702 autoreload Watching for file changes with StatReloader
INFO 2022-11-11 16:26:08,172 views this is info message
ERROR 2022-11-11 16:26:08,309 log Internal Server Error: /student_api/signup
Traceback (most recent call last):
  File "C:\Users\ATHIRA M J\PC\Desktop\python\new_school_env\lib\site-packages\django\core\handlers\exception.py", line 55, in inner
    response = get_response(request)
  File "C:\Users\ATHIRA M J\PC\Desktop\python\new_school_env\lib\site-packages\django\core\handlers\base.py", line 197, in _get_response
    response = wrapped_callback(request, *callback_args, **callback_kwargs)
  File "C:\Users\ATHIRA M J\PC\Desktop\python\school_mgt\school_123\student_api\views.py", line 59, in signup
    return HttpResponse("info")
NameError: name 'HttpResponse' is not defined
ERROR 2022-11-11 16:26:08,326 basehttp "GET /student_api/signup HTTP/1.1" 500 65170
INFO 2022-11-11 16:26:12,745 views this is info message
ERROR 2022-11-11 16:26:12,809 log Internal Server Error: /student_api/signup
Traceback (most recent call last):
  File "C:\Users\ATHIRA M J\PC\Desktop\python\new_school_env\lib\site-packages\django\core\handlers\exception.py", line 55, in inner
    response = get_response(request)
  File "C:\Users\ATHIRA M J\PC\Desktop\python\new_school_env\lib\site-packages\django\core\handlers\base.py", line 197, in _get_response
    response = wrapped_callback(request, *callback_args, **callback_kwargs)
  File "C:\Users\ATHIRA M J\PC\Desktop\python\school_mgt\school_123\student_api\views.py", line 59, in signup
    return HttpResponse("info")
NameError: name 'HttpResponse' is not defined
ERROR 2022-11-11 16:26:12,809 basehttp "GET /student_api/signup HTTP/1.1" 500 65170
INFO 2022-11-11 16:26:24,146 views this is info message
ERROR 2022-11-11 16:26:24,224 log Internal Server Error: /student_api/signup
Traceback (most recent call last):
  File "C:\Users\ATHIRA M J\PC\Desktop\python\new_school_env\lib\site-packages\django\core\handlers\exception.py", line 55, in inner
    response = get_response(request)
  File "C:\Users\ATHIRA M J\PC\Desktop\python\new_school_env\lib\site-packages\django\core\handlers\base.py", line 197, in _get_response
    response = wrapped_callback(request, *callback_args, **callback_kwargs)
  File "C:\Users\ATHIRA M J\PC\Desktop\python\school_mgt\school_123\student_api\views.py", line 59, in signup
    return HttpResponse("info")
NameError: name 'HttpResponse' is not defined
ERROR 2022-11-11 16:26:24,224 basehttp "GET /student_api/signup HTTP/1.1" 500 65298
INFO 2022-11-11 16:26:24,365 views this is info message
WARNING 2022-11-11 16:26:24,396 log Not Found: /favicon.ico
WARNING 2022-11-11 16:26:24,396 basehttp "GET /favicon.ico HTTP/1.1" 404 2777
ERROR 2022-11-11 16:26:24,521 log Internal Server Error: /student_api/signup
Traceback (most recent call last):
  File "C:\Users\ATHIRA M J\PC\Desktop\python\new_school_env\lib\site-packages\django\core\handlers\exception.py", line 55, in inner
    response = get_response(request)
  File "C:\Users\ATHIRA M J\PC\Desktop\python\new_school_env\lib\site-packages\django\core\handlers\base.py", line 197, in _get_response
    response = wrapped_callback(request, *callback_args, **callback_kwargs)
  File "C:\Users\ATHIRA M J\PC\Desktop\python\school_mgt\school_123\student_api\views.py", line 59, in signup
    return HttpResponse("info")
NameError: name 'HttpResponse' is not defined
ERROR 2022-11-11 16:26:24,521 basehttp "GET /student_api/signup HTTP/1.1" 500 65298
INFO 2022-11-11 16:26:25,519 views this is info message
ERROR 2022-11-11 16:26:25,622 log Internal Server Error: /student_api/signup
Traceback (most recent call last):
  File "C:\Users\ATHIRA M J\PC\Desktop\python\new_school_env\lib\site-packages\django\core\handlers\exception.py", line 55, in inner
    response = get_response(request)
  File "C:\Users\ATHIRA M J\PC\Desktop\python\new_school_env\lib\site-packages\django\core\handlers\base.py", line 197, in _get_response
    response = wrapped_callback(request, *callback_args, **callback_kwargs)
  File "C:\Users\ATHIRA M J\PC\Desktop\python\school_mgt\school_123\student_api\views.py", line 59, in signup
    return HttpResponse("info")
NameError: name 'HttpResponse' is not defined
ERROR 2022-11-11 16:26:25,622 basehttp "GET /student_api/signup HTTP/1.1" 500 65298
WARNING 2022-11-11 16:26:25,779 log Not Found: /favicon.ico
WARNING 2022-11-11 16:26:25,779 basehttp "GET /favicon.ico HTTP/1.1" 404 2777
INFO 2022-11-11 16:26:48,270 autoreload Watching for file changes with StatReloader
INFO 2022-11-11 16:26:52,368 views this is info message
ERROR 2022-11-11 16:26:52,587 log Internal Server Error: /student_api/signup
Traceback (most recent call last):
  File "C:\Users\ATHIRA M J\PC\Desktop\python\new_school_env\lib\site-packages\django\core\handlers\exception.py", line 55, in inner
    response = get_response(request)
  File "C:\Users\ATHIRA M J\PC\Desktop\python\new_school_env\lib\site-packages\django\core\handlers\base.py", line 197, in _get_response
    response = wrapped_callback(request, *callback_args, **callback_kwargs)
  File "C:\Users\ATHIRA M J\PC\Desktop\python\school_mgt\school_123\student_api\views.py", line 59, in signup
    return HttpResponse("info")
NameError: name 'HttpResponse' is not defined
ERROR 2022-11-11 16:26:52,587 basehttp "GET /student_api/signup HTTP/1.1" 500 65170
INFO 2022-11-11 16:26:52,759 views this is info message
ERROR 2022-11-11 16:26:52,837 log Internal Server Error: /student_api/signup
Traceback (most recent call last):
  File "C:\Users\ATHIRA M J\PC\Desktop\python\new_school_env\lib\site-packages\django\core\handlers\exception.py", line 55, in inner
    response = get_response(request)
  File "C:\Users\ATHIRA M J\PC\Desktop\python\new_school_env\lib\site-packages\django\core\handlers\base.py", line 197, in _get_response
    response = wrapped_callback(request, *callback_args, **callback_kwargs)
  File "C:\Users\ATHIRA M J\PC\Desktop\python\school_mgt\school_123\student_api\views.py", line 59, in signup
    return HttpResponse("info")
NameError: name 'HttpResponse' is not defined
ERROR 2022-11-11 16:26:52,837 basehttp "GET /student_api/signup HTTP/1.1" 500 65170
INFO 2022-11-11 16:26:53,573 views this is info message
ERROR 2022-11-11 16:26:53,651 log Internal Server Error: /student_api/signup
Traceback (most recent call last):
  File "C:\Users\ATHIRA M J\PC\Desktop\python\new_school_env\lib\site-packages\django\core\handlers\exception.py", line 55, in inner
    response = get_response(request)
  File "C:\Users\ATHIRA M J\PC\Desktop\python\new_school_env\lib\site-packages\django\core\handlers\base.py", line 197, in _get_response
    response = wrapped_callback(request, *callback_args, **callback_kwargs)
  File "C:\Users\ATHIRA M J\PC\Desktop\python\school_mgt\school_123\student_api\views.py", line 59, in signup
    return HttpResponse("info")
NameError: name 'HttpResponse' is not defined
ERROR 2022-11-11 16:26:53,651 basehttp "GET /student_api/signup HTTP/1.1" 500 65170
INFO 2022-11-11 16:26:53,792 views this is info message
ERROR 2022-11-11 16:26:53,855 log Internal Server Error: /student_api/signup
Traceback (most recent call last):
  File "C:\Users\ATHIRA M J\PC\Desktop\python\new_school_env\lib\site-packages\django\core\handlers\exception.py", line 55, in inner
    response = get_response(request)
  File "C:\Users\ATHIRA M J\PC\Desktop\python\new_school_env\lib\site-packages\django\core\handlers\base.py", line 197, in _get_response
    response = wrapped_callback(request, *callback_args, **callback_kwargs)
  File "C:\Users\ATHIRA M J\PC\Desktop\python\school_mgt\school_123\student_api\views.py", line 59, in signup
    return HttpResponse("info")
NameError: name 'HttpResponse' is not defined
ERROR 2022-11-11 16:26:53,855 basehttp "GET /student_api/signup HTTP/1.1" 500 65170
INFO 2022-11-11 16:26:53,996 views this is info message
ERROR 2022-11-11 16:26:54,089 log Internal Server Error: /student_api/signup
Traceback (most recent call last):
  File "C:\Users\ATHIRA M J\PC\Desktop\python\new_school_env\lib\site-packages\django\core\handlers\exception.py", line 55, in inner
    response = get_response(request)
  File "C:\Users\ATHIRA M J\PC\Desktop\python\new_school_env\lib\site-packages\django\core\handlers\base.py", line 197, in _get_response
    response = wrapped_callback(request, *callback_args, **callback_kwargs)
  File "C:\Users\ATHIRA M J\PC\Desktop\python\school_mgt\school_123\student_api\views.py", line 59, in signup
    return HttpResponse("info")
NameError: name 'HttpResponse' is not defined
ERROR 2022-11-11 16:26:54,089 basehttp "GET /student_api/signup HTTP/1.1" 500 65170
INFO 2022-11-11 16:26:54,949 views this is info message
ERROR 2022-11-11 16:26:54,996 log Internal Server Error: /student_api/signup
Traceback (most recent call last):
  File "C:\Users\ATHIRA M J\PC\Desktop\python\new_school_env\lib\site-packages\django\core\handlers\exception.py", line 55, in inner
    response = get_response(request)
  File "C:\Users\ATHIRA M J\PC\Desktop\python\new_school_env\lib\site-packages\django\core\handlers\base.py", line 197, in _get_response
    response = wrapped_callback(request, *callback_args, **callback_kwargs)
  File "C:\Users\ATHIRA M J\PC\Desktop\python\school_mgt\school_123\student_api\views.py", line 59, in signup
    return HttpResponse("info")
NameError: name 'HttpResponse' is not defined
ERROR 2022-11-11 16:26:55,012 basehttp "GET /student_api/signup HTTP/1.1" 500 65170
INFO 2022-11-11 16:26:55,309 views this is info message
ERROR 2022-11-11 16:26:55,403 log Internal Server Error: /student_api/signup
Traceback (most recent call last):
  File "C:\Users\ATHIRA M J\PC\Desktop\python\new_school_env\lib\site-packages\django\core\handlers\exception.py", line 55, in inner
    response = get_response(request)
  File "C:\Users\ATHIRA M J\PC\Desktop\python\new_school_env\lib\site-packages\django\core\handlers\base.py", line 197, in _get_response
    response = wrapped_callback(request, *callback_args, **callback_kwargs)
  File "C:\Users\ATHIRA M J\PC\Desktop\python\school_mgt\school_123\student_api\views.py", line 59, in signup
    return HttpResponse("info")
NameError: name 'HttpResponse' is not defined
ERROR 2022-11-11 16:26:55,403 basehttp "GET /student_api/signup HTTP/1.1" 500 65170
INFO 2022-11-11 16:26:56,958 views this is info message
ERROR 2022-11-11 16:26:57,023 log Internal Server Error: /student_api/signup
Traceback (most recent call last):
  File "C:\Users\ATHIRA M J\PC\Desktop\python\new_school_env\lib\site-packages\django\core\handlers\exception.py", line 55, in inner
    response = get_response(request)
  File "C:\Users\ATHIRA M J\PC\Desktop\python\new_school_env\lib\site-packages\django\core\handlers\base.py", line 197, in _get_response
    response = wrapped_callback(request, *callback_args, **callback_kwargs)
  File "C:\Users\ATHIRA M J\PC\Desktop\python\school_mgt\school_123\student_api\views.py", line 59, in signup
    return HttpResponse("info")
NameError: name 'HttpResponse' is not defined
ERROR 2022-11-11 16:26:57,023 basehttp "GET /student_api/signup HTTP/1.1" 500 65170
WARNING 2022-11-11 16:27:04,276 log Not Found: /
WARNING 2022-11-11 16:27:04,276 basehttp "GET / HTTP/1.1" 404 2726
INFO 2022-11-11 16:27:15,718 views this is info message
ERROR 2022-11-11 16:27:15,782 log Internal Server Error: /student_api/signup
Traceback (most recent call last):
  File "C:\Users\ATHIRA M J\PC\Desktop\python\new_school_env\lib\site-packages\django\core\handlers\exception.py", line 55, in inner
    response = get_response(request)
  File "C:\Users\ATHIRA M J\PC\Desktop\python\new_school_env\lib\site-packages\django\core\handlers\base.py", line 197, in _get_response
    response = wrapped_callback(request, *callback_args, **callback_kwargs)
  File "C:\Users\ATHIRA M J\PC\Desktop\python\school_mgt\school_123\student_api\views.py", line 59, in signup
    return HttpResponse("info")
NameError: name 'HttpResponse' is not defined
ERROR 2022-11-11 16:27:15,782 basehttp "GET /student_api/signup HTTP/1.1" 500 65033
INFO 2022-11-11 16:28:19,377 autoreload C:\Users\ATHIRA M J\PC\Desktop\python\school_mgt\school_123\student_api\urls.py changed, reloading.
INFO 2022-11-11 16:28:21,075 autoreload Watching for file changes with StatReloader
INFO 2022-11-11 16:28:44,133 autoreload Watching for file changes with StatReloader
WARNING 2022-11-11 16:29:02,844 log Not Found: /
WARNING 2022-11-11 16:29:02,844 basehttp "GET / HTTP/1.1" 404 2726
WARNING 2022-11-11 16:29:03,121 log Not Found: /favicon.ico
WARNING 2022-11-11 16:29:03,121 basehttp "GET /favicon.ico HTTP/1.1" 404 2777
INFO 2022-11-11 16:29:17,115 views this is info message
ERROR 2022-11-11 16:29:17,219 log Internal Server Error: /student_api/signup
Traceback (most recent call last):
  File "C:\Users\ATHIRA M J\PC\Desktop\python\new_school_env\lib\site-packages\django\core\handlers\exception.py", line 55, in inner
    response = get_response(request)
  File "C:\Users\ATHIRA M J\PC\Desktop\python\new_school_env\lib\site-packages\django\core\handlers\base.py", line 197, in _get_response
    response = wrapped_callback(request, *callback_args, **callback_kwargs)
  File "C:\Users\ATHIRA M J\PC\Desktop\python\school_mgt\school_123\student_api\views.py", line 59, in signup
    return HttpResponse("info")
NameError: name 'HttpResponse' is not defined
ERROR 2022-11-11 16:29:17,227 basehttp "GET /student_api/signup HTTP/1.1" 500 64406
INFO 2022-11-11 16:29:58,897 autoreload Watching for file changes with StatReloader
INFO 2022-11-11 16:30:05,587 views this is info message
ERROR 2022-11-11 16:30:05,747 log Internal Server Error: /student_api/signup
Traceback (most recent call last):
  File "C:\Users\ATHIRA M J\PC\Desktop\python\new_school_env\lib\site-packages\django\core\handlers\exception.py", line 55, in inner
    response = get_response(request)
  File "C:\Users\ATHIRA M J\PC\Desktop\python\new_school_env\lib\site-packages\django\core\handlers\base.py", line 197, in _get_response
    response = wrapped_callback(request, *callback_args, **callback_kwargs)
  File "C:\Users\ATHIRA M J\PC\Desktop\python\school_mgt\school_123\student_api\views.py", line 59, in signup
    return HttpResponse("info")
NameError: name 'HttpResponse' is not defined
ERROR 2022-11-11 16:30:05,755 basehttp "GET /student_api/signup HTTP/1.1" 500 64543
INFO 2022-11-11 16:30:06,630 views this is info message
ERROR 2022-11-11 16:30:06,702 log Internal Server Error: /student_api/signup
Traceback (most recent call last):
  File "C:\Users\ATHIRA M J\PC\Desktop\python\new_school_env\lib\site-packages\django\core\handlers\exception.py", line 55, in inner
    response = get_response(request)
  File "C:\Users\ATHIRA M J\PC\Desktop\python\new_school_env\lib\site-packages\django\core\handlers\base.py", line 197, in _get_response
    response = wrapped_callback(request, *callback_args, **callback_kwargs)
  File "C:\Users\ATHIRA M J\PC\Desktop\python\school_mgt\school_123\student_api\views.py", line 59, in signup
    return HttpResponse("info")
NameError: name 'HttpResponse' is not defined
ERROR 2022-11-11 16:30:06,702 basehttp "GET /student_api/signup HTTP/1.1" 500 64543
INFO 2022-11-11 16:30:06,843 views this is info message
ERROR 2022-11-11 16:30:06,923 log Internal Server Error: /student_api/signup
Traceback (most recent call last):
  File "C:\Users\ATHIRA M J\PC\Desktop\python\new_school_env\lib\site-packages\django\core\handlers\exception.py", line 55, in inner
    response = get_response(request)
  File "C:\Users\ATHIRA M J\PC\Desktop\python\new_school_env\lib\site-packages\django\core\handlers\base.py", line 197, in _get_response
    response = wrapped_callback(request, *callback_args, **callback_kwargs)
  File "C:\Users\ATHIRA M J\PC\Desktop\python\school_mgt\school_123\student_api\views.py", line 59, in signup
    return HttpResponse("info")
NameError: name 'HttpResponse' is not defined
ERROR 2022-11-11 16:30:06,923 basehttp "GET /student_api/signup HTTP/1.1" 500 64543
INFO 2022-11-11 16:30:09,676 views this is info message
ERROR 2022-11-11 16:30:09,739 log Internal Server Error: /student_api/signup
Traceback (most recent call last):
  File "C:\Users\ATHIRA M J\PC\Desktop\python\new_school_env\lib\site-packages\django\core\handlers\exception.py", line 55, in inner
    response = get_response(request)
  File "C:\Users\ATHIRA M J\PC\Desktop\python\new_school_env\lib\site-packages\django\core\handlers\base.py", line 197, in _get_response
    response = wrapped_callback(request, *callback_args, **callback_kwargs)
  File "C:\Users\ATHIRA M J\PC\Desktop\python\school_mgt\school_123\student_api\views.py", line 59, in signup
    return HttpResponse("info")
NameError: name 'HttpResponse' is not defined
ERROR 2022-11-11 16:30:09,739 basehttp "GET /student_api/signup HTTP/1.1" 500 64543
INFO 2022-11-11 16:30:55,565 autoreload C:\Users\ATHIRA M J\PC\Desktop\python\school_mgt\school_123\student_api\views.py changed, reloading.
INFO 2022-11-11 16:30:57,722 autoreload Watching for file changes with StatReloader
INFO 2022-11-11 16:31:06,188 basehttp "GET /student_api/signup HTTP/1.1" 200 4410
INFO 2022-11-11 16:31:06,365 basehttp "GET /student_api/signup HTTP/1.1" 200 4410
INFO 2022-11-11 16:41:36,467 autoreload Watching for file changes with StatReloader
INFO 2022-11-11 16:41:41,689 basehttp "GET /student_api/signup HTTP/1.1" 200 4791
INFO 2022-11-11 16:41:41,873 basehttp "GET /student_api/signup HTTP/1.1" 200 4791
INFO 2022-11-11 16:43:33,793 basehttp "GET /student_api/signup HTTP/1.1" 200 4434
INFO 2022-11-11 16:43:33,999 basehttp "GET /student_api/signup HTTP/1.1" 200 4434
INFO 2022-11-11 16:43:43,580 basehttp "GET /student_api/signup HTTP/1.1" 200 4434
INFO 2022-11-11 16:43:43,757 basehttp "GET /student_api/signup HTTP/1.1" 200 4434
INFO 2022-11-11 16:43:43,985 basehttp "GET /student_api/signup HTTP/1.1" 200 4434
INFO 2022-11-11 16:43:54,296 basehttp "GET /student_api/signup HTTP/1.1" 200 4434
INFO 2022-11-11 16:43:54,490 basehttp "GET /student_api/signup HTTP/1.1" 200 4434
INFO 2022-11-11 16:44:09,888 autoreload Watching for file changes with StatReloader
INFO 2022-11-11 16:44:14,155 basehttp "GET /student_api/signup HTTP/1.1" 200 4434
INFO 2022-11-11 16:44:14,328 basehttp "GET /student_api/signup HTTP/1.1" 200 4434
INFO 2022-11-11 16:44:15,891 basehttp "GET /student_api/signup HTTP/1.1" 200 4434
INFO 2022-11-11 16:44:28,104 autoreload Watching for file changes with StatReloader
INFO 2022-11-15 11:35:19,179 autoreload Watching for file changes with StatReloader
INFO 2022-11-15 11:35:48,812 autoreload Watching for file changes with StatReloader
INFO 2022-11-26 11:30:42,038 autoreload Watching for file changes with StatReloader
WARNING 2022-11-26 11:37:29,107 log Not Found: /
WARNING 2022-11-26 11:37:29,115 log Not Found: /
INFO 2022-11-26 11:37:29,115 basehttp - Broken pipe from ('127.0.0.1', 61652)
WARNING 2022-11-26 11:37:29,123 basehttp "GET / HTTP/1.1" 404 2726
WARNING 2022-11-26 11:37:29,451 log Not Found: /favicon.ico
WARNING 2022-11-26 11:37:29,451 basehttp "GET /favicon.ico HTTP/1.1" 404 2777
WARNING 2022-11-26 11:37:41,728 log Not Found: /teacher/signup
WARNING 2022-11-26 11:37:41,729 basehttp "GET /teacher/signup HTTP/1.1" 404 3755
INFO 2022-11-26 11:38:12,294 basehttp "GET /student_api/signup HTTP/1.1" 200 4649
INFO 2022-11-26 13:12:54,713 autoreload C:\Users\ATHIRA M J\PC\Desktop\python\school_mgt\school_123\teacher\views.py changed, reloading.
INFO 2022-11-26 13:13:07,521 autoreload Watching for file changes with StatReloader
INFO 2022-11-26 13:13:17,599 autoreload C:\Users\ATHIRA M J\PC\Desktop\python\school_mgt\school_123\teacher\views.py changed, reloading.
INFO 2022-11-26 13:13:19,591 autoreload Watching for file changes with StatReloader
INFO 2022-11-26 13:13:22,815 autoreload C:\Users\ATHIRA M J\PC\Desktop\python\school_mgt\school_123\teacher\views.py changed, reloading.
INFO 2022-11-26 13:13:24,721 autoreload Watching for file changes with StatReloader
INFO 2022-11-26 13:13:43,832 autoreload C:\Users\ATHIRA M J\PC\Desktop\python\school_mgt\school_123\teacher\views.py changed, reloading.
INFO 2022-11-26 13:13:45,767 autoreload Watching for file changes with StatReloader
INFO 2022-11-26 13:13:57,239 autoreload C:\Users\ATHIRA M J\PC\Desktop\python\school_mgt\school_123\teacher\views.py changed, reloading.
INFO 2022-11-26 13:13:58,990 autoreload Watching for file changes with StatReloader
INFO 2022-11-26 13:14:03,269 autoreload C:\Users\ATHIRA M J\PC\Desktop\python\school_mgt\school_123\teacher\views.py changed, reloading.
INFO 2022-11-26 13:14:05,322 autoreload Watching for file changes with StatReloader
INFO 2022-12-01 21:23:00,289 autoreload Watching for file changes with StatReloader
INFO 2022-12-01 21:24:36,283 autoreload C:\Users\ATHIRA M J\PC\Desktop\python\school_mgt\school_123\student_api\views.py changed, reloading.
INFO 2022-12-01 21:24:38,190 autoreload Watching for file changes with StatReloader
INFO 2022-12-01 21:24:46,751 autoreload C:\Users\ATHIRA M J\PC\Desktop\python\school_mgt\school_123\student_api\views.py changed, reloading.
INFO 2022-12-01 21:24:48,284 autoreload Watching for file changes with StatReloader
INFO 2022-12-01 21:25:14,425 autoreload C:\Users\ATHIRA M J\PC\Desktop\python\school_mgt\school_123\student_api\urls.py changed, reloading.
INFO 2022-12-01 21:25:16,411 autoreload Watching for file changes with StatReloader
INFO 2022-12-01 21:25:22,059 autoreload C:\Users\ATHIRA M J\PC\Desktop\python\school_mgt\school_123\student_api\urls.py changed, reloading.
INFO 2022-12-01 21:25:23,717 autoreload Watching for file changes with StatReloader
INFO 2022-12-01 21:25:26,966 autoreload C:\Users\ATHIRA M J\PC\Desktop\python\school_mgt\school_123\student_api\urls.py changed, reloading.
INFO 2022-12-01 21:25:28,587 autoreload Watching for file changes with StatReloader
WARNING 2022-12-01 21:25:53,920 log Not Found: /
WARNING 2022-12-01 21:25:53,921 basehttp "GET / HTTP/1.1" 404 2726
WARNING 2022-12-01 21:25:54,218 log Not Found: /favicon.ico
WARNING 2022-12-01 21:25:54,219 basehttp "GET /favicon.ico HTTP/1.1" 404 2777
INFO 2022-12-01 21:26:00,586 basehttp "GET /student_api/signup HTTP/1.1" 200 4649
ERROR 2022-12-01 21:26:34,440 log Internal Server Error: /student_api/form_validation
Traceback (most recent call last):
  File "C:\Users\ATHIRA M J\PC\Desktop\python\new_school_env\lib\site-packages\django\core\handlers\exception.py", line 55, in inner
    response = get_response(request)
  File "C:\Users\ATHIRA M J\PC\Desktop\python\new_school_env\lib\site-packages\django\core\handlers\base.py", line 197, in _get_response
    response = wrapped_callback(request, *callback_args, **callback_kwargs)
  File "C:\Users\ATHIRA M J\PC\Desktop\python\school_mgt\school_123\student_api\views.py", line 54, in validation
    return render(request,'student_api/form_validation.html')
  File "C:\Users\ATHIRA M J\PC\Desktop\python\new_school_env\lib\site-packages\django\shortcuts.py", line 24, in render
    content = loader.render_to_string(template_name, context, request, using=using)
  File "C:\Users\ATHIRA M J\PC\Desktop\python\new_school_env\lib\site-packages\django\template\loader.py", line 61, in render_to_string
    template = get_template(template_name, using=using)
  File "C:\Users\ATHIRA M J\PC\Desktop\python\new_school_env\lib\site-packages\django\template\loader.py", line 19, in get_template
    raise TemplateDoesNotExist(template_name, chain=chain)
django.template.exceptions.TemplateDoesNotExist: student_api/form_validation.html
ERROR 2022-12-01 21:26:34,457 basehttp "GET /student_api/form_validation HTTP/1.1" 500 84247
INFO 2022-12-01 21:27:10,246 autoreload C:\Users\ATHIRA M J\PC\Desktop\python\school_mgt\school_123\student_api\views.py changed, reloading.
INFO 2022-12-01 21:27:12,015 autoreload Watching for file changes with StatReloader
INFO 2022-12-01 21:27:15,037 basehttp "GET /student_api/form_validation HTTP/1.1" 200 4649
INFO 2022-12-01 21:28:13,830 basehttp "GET /student_api/form_validation HTTP/1.1" 200 2456
INFO 2022-12-01 21:28:14,793 basehttp "GET /student_api/form_validation HTTP/1.1" 200 2456
INFO 2022-12-01 21:43:06,037 basehttp "GET /student_api/form_validation HTTP/1.1" 200 3591
INFO 2022-12-01 21:43:07,392 basehttp "POST /student_api/form_validation HTTP/1.1" 200 3591
INFO 2022-12-01 21:43:10,336 basehttp "POST /student_api/form_validation HTTP/1.1" 200 3591
INFO 2022-12-01 21:43:25,054 basehttp "GET /student_api/form_validation HTTP/1.1" 200 3591
INFO 2022-12-01 21:43:26,857 basehttp "GET /student_api/form_validation HTTP/1.1" 200 3591
INFO 2022-12-01 21:43:28,658 basehttp "GET /student_api/form_validation HTTP/1.1" 200 3591
INFO 2022-12-01 21:43:36,320 basehttp "POST /student_api/form_validation HTTP/1.1" 200 3591
INFO 2022-12-01 21:44:18,601 basehttp "GET /student_api/form_validation HTTP/1.1" 200 3591
INFO 2022-12-01 21:44:20,781 basehttp "POST /student_api/form_validation HTTP/1.1" 200 3591
INFO 2022-12-01 21:44:21,668 basehttp "POST /student_api/form_validation HTTP/1.1" 200 3591
INFO 2022-12-01 21:44:22,316 basehttp "POST /student_api/form_validation HTTP/1.1" 200 3591
INFO 2022-12-01 21:44:22,920 basehttp "POST /student_api/form_validation HTTP/1.1" 200 3591
INFO 2022-12-01 21:44:23,632 basehttp "POST /student_api/form_validation HTTP/1.1" 200 3591
INFO 2022-12-01 21:44:24,265 basehttp "POST /student_api/form_validation HTTP/1.1" 200 3591
INFO 2022-12-01 21:44:24,937 basehttp "POST /student_api/form_validation HTTP/1.1" 200 3591
INFO 2022-12-01 21:44:25,504 basehttp "POST /student_api/form_validation HTTP/1.1" 200 3591
INFO 2022-12-01 21:44:26,146 basehttp "POST /student_api/form_validation HTTP/1.1" 200 3591
INFO 2022-12-01 21:44:26,726 basehttp "POST /student_api/form_validation HTTP/1.1" 200 3591
INFO 2022-12-01 21:44:27,432 basehttp "POST /student_api/form_validation HTTP/1.1" 200 3591
INFO 2022-12-01 21:44:28,022 basehttp "POST /student_api/form_validation HTTP/1.1" 200 3591
INFO 2022-12-01 21:44:28,634 basehttp "POST /student_api/form_validation HTTP/1.1" 200 3591
INFO 2022-12-01 21:44:29,444 basehttp "POST /student_api/form_validation HTTP/1.1" 200 3591
INFO 2022-12-01 21:44:30,132 basehttp "POST /student_api/form_validation HTTP/1.1" 200 3591
INFO 2022-12-01 21:44:30,878 basehttp "POST /student_api/form_validation HTTP/1.1" 200 3591
INFO 2022-12-01 21:44:31,760 basehttp "POST /student_api/form_validation HTTP/1.1" 200 3591
INFO 2022-12-01 21:44:52,401 basehttp "POST /student_api/form_validation HTTP/1.1" 200 3591
INFO 2022-12-01 21:44:53,370 basehttp "POST /student_api/form_validation HTTP/1.1" 200 3591
INFO 2022-12-01 21:44:54,127 basehttp "POST /student_api/form_validation HTTP/1.1" 200 3591
INFO 2022-12-01 21:44:54,973 basehttp "POST /student_api/form_validation HTTP/1.1" 200 3591
INFO 2022-12-01 21:44:55,697 basehttp "POST /student_api/form_validation HTTP/1.1" 200 3591
INFO 2022-12-01 21:44:56,517 basehttp "POST /student_api/form_validation HTTP/1.1" 200 3591
INFO 2022-12-01 21:44:57,156 basehttp "POST /student_api/form_validation HTTP/1.1" 200 3591
INFO 2022-12-01 21:44:57,884 basehttp "POST /student_api/form_validation HTTP/1.1" 200 3591
INFO 2022-12-01 21:44:58,462 basehttp "POST /student_api/form_validation HTTP/1.1" 200 3591
INFO 2022-12-01 21:45:38,608 basehttp "POST /student_api/form_validation HTTP/1.1" 200 3591
INFO 2022-12-01 21:45:39,253 basehttp "POST /student_api/form_validation HTTP/1.1" 200 3591
INFO 2022-12-01 21:45:39,960 basehttp "POST /student_api/form_validation HTTP/1.1" 200 3591
INFO 2022-12-01 21:45:40,644 basehttp "POST /student_api/form_validation HTTP/1.1" 200 3591
INFO 2022-12-01 21:45:41,357 basehttp "POST /student_api/form_validation HTTP/1.1" 200 3591
INFO 2022-12-01 21:45:42,062 basehttp "POST /student_api/form_validation HTTP/1.1" 200 3591
INFO 2022-12-01 21:45:42,768 basehttp "POST /student_api/form_validation HTTP/1.1" 200 3591
INFO 2022-12-01 21:45:43,873 basehttp "POST /student_api/form_validation HTTP/1.1" 200 3591
INFO 2022-12-01 21:45:44,569 basehttp "POST /student_api/form_validation HTTP/1.1" 200 3591
INFO 2022-12-01 21:45:45,379 basehttp "POST /student_api/form_validation HTTP/1.1" 200 3591
INFO 2022-12-01 21:45:59,822 basehttp "GET /student_api/form_validation HTTP/1.1" 200 3591
INFO 2022-12-01 21:48:58,853 basehttp "GET /student_api/form_validation HTTP/1.1" 200 3611
WARNING 2022-12-02 16:55:52,777 log Not Found: /
WARNING 2022-12-02 16:55:52,778 basehttp "GET / HTTP/1.1" 404 2726
WARNING 2022-12-02 16:55:52,905 log Not Found: /favicon.ico
WARNING 2022-12-02 16:55:52,905 basehttp "GET /favicon.ico HTTP/1.1" 404 2777
WARNING 2022-12-02 17:02:03,744 log Not Found: /
WARNING 2022-12-02 17:02:03,746 basehttp "GET / HTTP/1.1" 404 2726
WARNING 2022-12-02 17:02:04,093 log Not Found: /favicon.ico
WARNING 2022-12-02 17:02:04,094 basehttp "GET /favicon.ico HTTP/1.1" 404 2777
WARNING 2022-12-02 17:02:13,329 log Not Found: /ecom_customer/
WARNING 2022-12-02 17:02:13,331 basehttp "GET /ecom_customer/ HTTP/1.1" 404 2786
INFO 2022-12-04 22:56:20,168 autoreload Watching for file changes with StatReloader
WARNING 2022-12-04 22:56:38,646 log Not Found: /
WARNING 2022-12-04 22:56:38,646 basehttp "GET / HTTP/1.1" 404 2726
WARNING 2022-12-04 22:56:38,845 log Not Found: /favicon.ico
WARNING 2022-12-04 22:56:38,845 basehttp "GET /favicon.ico HTTP/1.1" 404 2777
WARNING 2022-12-04 22:56:49,841 log Not Found: /student_api/
WARNING 2022-12-04 22:56:49,842 basehttp "GET /student_api/ HTTP/1.1" 404 4164
WARNING 2022-12-04 22:57:01,002 log Method Not Allowed: /student_api/add_student
WARNING 2022-12-04 22:57:01,004 basehttp "GET /student_api/add_student HTTP/1.1" 405 5655
INFO 2022-12-04 22:57:01,296 basehttp "GET /static/rest_framework/js/ajax-form.js HTTP/1.1" 200 3597
INFO 2022-12-04 22:57:01,304 basehttp "GET /static/rest_framework/js/csrf.js HTTP/1.1" 200 1719
INFO 2022-12-04 22:57:01,305 basehttp "GET /static/rest_framework/css/bootstrap-tweaks.css HTTP/1.1" 200 3385
INFO 2022-12-04 22:57:01,315 basehttp "GET /static/rest_framework/js/bootstrap.min.js HTTP/1.1" 200 39680
INFO 2022-12-04 22:57:01,315 basehttp "GET /static/rest_framework/js/prettify-min.js HTTP/1.1" 200 13632
INFO 2022-12-04 22:57:01,324 basehttp "GET /static/rest_framework/js/default.js HTTP/1.1" 200 1268
INFO 2022-12-04 22:57:01,325 basehttp "GET /static/rest_framework/css/prettify.css HTTP/1.1" 200 817
INFO 2022-12-04 22:57:01,327 basehttp "GET /static/rest_framework/css/default.css HTTP/1.1" 200 1152
INFO 2022-12-04 22:57:01,334 basehttp "GET /static/rest_framework/js/jquery-3.5.1.min.js HTTP/1.1" 200 89476
INFO 2022-12-04 22:57:01,336 basehttp "GET /static/rest_framework/css/bootstrap.min.css HTTP/1.1" 200 121457
INFO 2022-12-04 22:57:01,352 basehttp "GET /static/rest_framework/img/grid.png HTTP/1.1" 200 1458
INFO 2022-12-04 22:57:09,948 basehttp "GET /student_api/load_student HTTP/1.1" 200 233
WARNING 2022-12-04 22:57:40,997 log Method Not Allowed: /student_api/add_student
WARNING 2022-12-04 22:57:40,998 basehttp "GET /student_api/add_student HTTP/1.1" 405 5655
INFO 2022-12-04 22:59:55,598 basehttp "GET /student_api/load_student HTTP/1.1" 200 233
WARNING 2022-12-04 23:03:50,978 log Method Not Allowed: /student_api/add_student
WARNING 2022-12-04 23:03:50,980 basehttp "GET /student_api/add_student HTTP/1.1" 405 5655
WARNING 2022-12-05 00:12:56,750 log Not Found: /student_api/updste_student
WARNING 2022-12-05 00:12:56,752 basehttp "GET /student_api/updste_student HTTP/1.1" 404 4206
WARNING 2022-12-05 00:13:09,664 log Not Found: /student_api/updste_student id=1
WARNING 2022-12-05 00:13:09,667 basehttp "GET /student_api/updste_student%20id=1 HTTP/1.1" 404 4225
WARNING 2022-12-05 00:13:24,821 log Not Found: /student_api/updste_studentid=1
WARNING 2022-12-05 00:13:24,822 basehttp "GET /student_api/updste_studentid=1 HTTP/1.1" 404 4220
WARNING 2022-12-05 00:13:34,204 log Not Found: /student_api/updste_student/id=1
WARNING 2022-12-05 00:13:34,206 basehttp "GET /student_api/updste_student/id=1 HTTP/1.1" 404 4223
WARNING 2022-12-05 00:13:39,757 log Not Found: /student_api/updste_student/1
WARNING 2022-12-05 00:13:39,759 basehttp "GET /student_api/updste_student/1 HTTP/1.1" 404 4212
INFO 2023-01-21 15:48:50,512 autoreload Watching for file changes with StatReloader
WARNING 2023-01-21 15:49:29,116 log Not Found: /
WARNING 2023-01-21 15:49:29,116 basehttp "GET / HTTP/1.1" 404 2726
WARNING 2023-01-21 15:49:29,360 log Not Found: /favicon.ico
WARNING 2023-01-21 15:49:29,360 basehttp "GET /favicon.ico HTTP/1.1" 404 2777
WARNING 2023-01-21 15:49:39,530 log Not Found: /s_admin/
WARNING 2023-01-21 15:49:39,530 basehttp "GET /s_admin/ HTTP/1.1" 404 3575
INFO 2023-01-21 15:50:06,938 basehttp "GET /s_admin/admin_home_page HTTP/1.1" 200 1158
INFO 2023-01-21 15:50:07,082 basehttp "GET /static/css/adm_home.css HTTP/1.1" 200 774
INFO 2023-01-21 15:50:14,707 basehttp "GET /s_admin/admin_home_page HTTP/1.1" 200 1158
INFO 2023-01-21 15:50:15,787 basehttp "GET /s_admin/add_teacher HTTP/1.1" 200 6943
INFO 2023-01-21 15:50:15,835 basehttp "GET /static/css/add_tr.css HTTP/1.1" 200 910
WARNING 2023-01-21 15:50:40,590 log Not Found: /
WARNING 2023-01-21 15:50:40,590 basehttp "GET / HTTP/1.1" 404 2726
INFO 2023-01-21 15:52:15,663 autoreload Watching for file changes with StatReloader
INFO 2023-01-21 15:52:21,520 basehttp "GET /home/admin_login HTTP/1.1" 200 1075
WARNING 2023-01-21 15:52:21,641 basehttp "GET /static/css/login.js HTTP/1.1" 404 1795
INFO 2023-01-21 15:52:21,665 basehttp "GET /static/css/a_login.css HTTP/1.1" 200 2132
INFO 2023-01-21 15:52:23,072 basehttp "GET /home/admin_login HTTP/1.1" 200 1075
WARNING 2023-01-21 15:52:23,118 basehttp "GET /static/css/login.js HTTP/1.1" 404 1795
INFO 2023-01-21 15:52:37,821 basehttp "POST /home/admin_login HTTP/1.1" 200 1107
WARNING 2023-01-21 15:52:37,864 basehttp "GET /static/css/login.js HTTP/1.1" 404 1795
WARNING 2023-01-21 15:52:47,507 log Not Found: /home/admin_home
WARNING 2023-01-21 15:52:47,508 basehttp "GET /home/admin_home HTTP/1.1" 404 3398
WARNING 2023-01-21 15:52:58,519 log Not Found: /s_admin/
WARNING 2023-01-21 15:52:58,520 basehttp "GET /s_admin/ HTTP/1.1" 404 3575
INFO 2023-01-21 15:53:05,026 basehttp "GET /s_admin/admin_home_page HTTP/1.1" 200 1158
INFO 2023-01-21 15:53:10,603 basehttp "GET /s_admin/add_teacher HTTP/1.1" 200 6943
INFO 2023-01-21 15:55:03,488 basehttp "GET /s_admin/view_student HTTP/1.1" 200 5106
INFO 2023-01-21 15:55:03,543 basehttp "GET /media/student/beautiful-blonde-woman-with-makeup-avatar-for-a-beauty-salon-illustration-in-the_blxs1Rz.jpg HTTP/1.1" 200 3700
INFO 2023-01-21 15:55:03,557 basehttp "GET /media/student/beautiful-blonde-woman-with-makeup-avatar-for-a-beauty-salon-illustration-in-the_rBDBFg9.jpg HTTP/1.1" 200 3700
INFO 2023-01-21 15:55:03,571 basehttp "GET /media/student/beautiful-blonde-woman-with-makeup-avatar-for-a-beauty-salon-illustration-in-the_2AiNg85.jpg HTTP/1.1" 200 3700
INFO 2023-01-21 15:55:03,572 basehttp "GET /media/student/images.png HTTP/1.1" 200 4887
INFO 2023-01-21 15:55:03,573 basehttp "GET /media/student/beautiful-blonde-woman-with-makeup-avatar-for-a-beauty-salon-illustration-in-the_lqlQp1P.jpg HTTP/1.1" 200 3700
INFO 2023-01-21 15:55:03,573 basehttp "GET /media/student/beautiful-blonde-woman-with-makeup-avatar-for-a-beauty-salon-illustration-in-the_LhibpR9.jpg HTTP/1.1" 200 3700
INFO 2023-01-21 15:55:09,557 basehttp "GET /s_admin/view_teacher HTTP/1.1" 200 4609
INFO 2023-01-21 15:55:09,610 basehttp "GET /media/teacher/images.png HTTP/1.1" 200 4887
INFO 2023-01-21 15:55:09,612 basehttp "GET /media/teacher/images_1.png HTTP/1.1" 200 4444
INFO 2023-01-21 15:55:09,638 basehttp "GET /media/teacher/beautiful-blonde-woman-with-makeup-avatar-for-a-beauty-salon-illustration-in-the_f3Z7Vv0.jpg HTTP/1.1" 200 3700
INFO 2023-01-21 15:55:09,639 basehttp "GET /media/teacher/beautiful-blonde-woman-with-makeup-avatar-for-a-beauty-salon-illustration-in-the_Gu9P8Hs.jpg HTTP/1.1" 200 3700
INFO 2023-01-21 15:55:09,644 basehttp "GET /media/teacher/1000_F_223507324_jKl7xbsaEdUjGr42WzQeSazKRighVDU4.jpg HTTP/1.1" 200 123462
INFO 2023-01-21 15:55:14,131 basehttp "GET /s_admin/change_password HTTP/1.1" 200 5583
INFO 2023-02-13 13:34:48,093 autoreload Watching for file changes with StatReloader
